Построение начато 09.10.2016 22:44:05.
     1>Проект "C:\Users\ПК\Documents\Visual Studio 2010\Projects\sudoku v1.0\japonkross\japonkross\japonkross.vcxproj" в узле 2 (целевые объекты build).
     1>InitializeBuildStatus:
         Создание "Debug\japonkross.unsuccessfulbuild", так как было задано "AlwaysCreate".
       ClCompile:
         C:\Program Files (x86)\Microsoft Visual Studio 10.0\VC\bin\CL.exe /c /ZI /nologo /W3 /WX- /Od /Oy- /D WIN32 /D _DEBUG /D _CONSOLE /D _UNICODE /D UNICODE /Gm /EHsc /RTC1 /MDd /GS /fp:precise /Zc:wchar_t /Zc:forScope /Fo"Debug\\" /Fd"Debug\vc100.pdb" /Gd /TP /analyze- /errorReport:prompt main.cpp
         main.cpp
     1>c:\users\пк\documents\visual studio 2010\projects\sudoku v1.0\japonkross\japonkross\main.cpp(9): warning C4996: 'fopen': This function or variable may be unsafe. Consider using fopen_s instead. To disable deprecation, use _CRT_SECURE_NO_WARNINGS. See online help for details.
                 c:\program files (x86)\microsoft visual studio 10.0\vc\include\stdio.h(234): см. объявление "fopen"
     1>c:\users\пк\documents\visual studio 2010\projects\sudoku v1.0\japonkross\japonkross\main.cpp(22): warning C4996: 'fscanf': This function or variable may be unsafe. Consider using fscanf_s instead. To disable deprecation, use _CRT_SECURE_NO_WARNINGS. See online help for details.
                 c:\program files (x86)\microsoft visual studio 10.0\vc\include\stdio.h(253): см. объявление "fscanf"
       ManifestResourceCompile:
         Для всех выходных данных обновления не требуется.
       Link:
         C:\Program Files (x86)\Microsoft Visual Studio 10.0\VC\bin\link.exe /ERRORREPORT:PROMPT /OUT:"C:\Users\ПК\Documents\Visual Studio 2010\Projects\sudoku v1.0\japonkross\Debug\japonkross.exe" /INCREMENTAL /NOLOGO kernel32.lib user32.lib gdi32.lib winspool.lib comdlg32.lib advapi32.lib shell32.lib ole32.lib oleaut32.lib uuid.lib odbc32.lib odbccp32.lib /MANIFEST /ManifestFile:"Debug\japonkross.exe.intermediate.manifest" /MANIFESTUAC:"level='asInvoker' uiAccess='false'" /DEBUG /PDB:"C:\Users\ПК\Documents\Visual Studio 2010\Projects\sudoku v1.0\japonkross\Debug\japonkross.pdb" /SUBSYSTEM:CONSOLE /TLBID:1 /DYNAMICBASE /NXCOMPAT /IMPLIB:"C:\Users\ПК\Documents\Visual Studio 2010\Projects\sudoku v1.0\japonkross\Debug\japonkross.lib" /MACHINE:X86 Debug\japonkross.exe.embed.manifest.res
         Debug\main.obj
       Manifest:
         C:\Program Files (x86)\Microsoft SDKs\Windows\v7.0A\bin\mt.exe /nologo /verbose /out:"Debug\japonkross.exe.embed.manifest" /manifest Debug\japonkross.exe.intermediate.manifest
         Для всех выходных данных обновления не требуется.
       LinkEmbedManifest:
         Для всех выходных данных обновления не требуется.
         japonkross.vcxproj -> C:\Users\ПК\Documents\Visual Studio 2010\Projects\sudoku v1.0\japonkross\Debug\japonkross.exe
       FinalizeBuildStatus:
         Файл "Debug\japonkross.unsuccessfulbuild" удаляется.
         Обращение к "Debug\japonkross.lastbuildstate".
     1>Построение проекта "C:\Users\ПК\Documents\Visual Studio 2010\Projects\sudoku v1.0\japonkross\japonkross\japonkross.vcxproj" завершено (целевые объекты build).

Построение успешно завершено.

Затраченное время: 00:00:01.41
